<?xml version="1.0" encoding="UTF-8"?>
<!-- Generated by org.testng.reporters.JUnitXMLReporter -->
<testsuite hostname="MEHAVARNAN" ignored="1" name="Default test" tests="1" failures="0" timestamp="13 Aug 2018 08:52:29 GMT" time="3.913" errors="0">
  <testcase name="invalidPOSTTest" time="3.874" classname="gettingstarted.SimplePOSTTest"/>
  <testcase name="postTest" time="0.0" classname="gettingstarted.SimplePOSTTest">
    <ignored/>
  </testcase> <!-- postTest -->
</testsuite> <!-- Default test -->
