<?xml version="1.0" encoding="UTF-8"?>
<!-- Generated by org.testng.reporters.JUnitXMLReporter -->
<testsuite hostname="MEHAVARNAN" ignored="1" name="Default test" tests="1" failures="0" timestamp="12 Aug 2018 13:57:16 GMT" time="3.988" errors="0">
  <testcase name="getAllHeaders" time="3.946" classname="gettingstarted.ValidateResponseHeaders"/>
  <testcase name="GetWeatherHeaders" time="0.0" classname="gettingstarted.ValidateResponseHeaders">
    <ignored/>
  </testcase> <!-- GetWeatherHeaders -->
</testsuite> <!-- Default test -->
