<?xml version="1.0" encoding="UTF-8"?>
<testng-results skipped="0" failed="0" ignored="0" total="1" passed="1">
  <reporter-output>
  </reporter-output>
  <suite name="Default suite" duration-ms="4765" started-at="2018-08-13T05:44:50Z" finished-at="2018-08-13T05:44:54Z">
    <groups>
    </groups>
    <test name="Default test" duration-ms="4765" started-at="2018-08-13T05:44:50Z" finished-at="2018-08-13T05:44:54Z">
      <class name="gettingstarted.ValidateResponseBody">
        <test-method status="PASS" signature="GetWeatherDetailsCondensed()[pri:0, instance:gettingstarted.ValidateResponseBody@1753acfe]" name="GetWeatherDetailsCondensed" duration-ms="4715" started-at="2018-08-13T05:44:50Z" finished-at="2018-08-13T05:44:54Z">
          <reporter-output>
          </reporter-output>
        </test-method> <!-- GetWeatherDetailsCondensed -->
      </class> <!-- gettingstarted.ValidateResponseBody -->
    </test> <!-- Default test -->
  </suite> <!-- Default suite -->
</testng-results>
