<?xml version="1.0" encoding="UTF-8"?>
<testng-results skipped="0" failed="0" ignored="1" total="2" passed="1">
  <reporter-output>
  </reporter-output>
  <suite name="Default suite" duration-ms="3988" started-at="2018-08-12T13:57:11Z" finished-at="2018-08-12T13:57:15Z">
    <groups>
    </groups>
    <test name="Default test" duration-ms="3988" started-at="2018-08-12T13:57:11Z" finished-at="2018-08-12T13:57:15Z">
      <class name="gettingstarted.ValidateResponseHeaders">
        <test-method status="PASS" signature="getAllHeaders()[pri:0, instance:gettingstarted.ValidateResponseHeaders@1753acfe]" name="getAllHeaders" duration-ms="3946" started-at="2018-08-12T13:57:12Z" finished-at="2018-08-12T13:57:15Z">
          <reporter-output>
          </reporter-output>
        </test-method> <!-- getAllHeaders -->
      </class> <!-- gettingstarted.ValidateResponseHeaders -->
    </test> <!-- Default test -->
  </suite> <!-- Default suite -->
</testng-results>
